{"C:\\Users\\naruc\\OneDrive\\Desktop\\mern-dev-1\\backend\\server.js": {"path":"C:\\Users\\naruc\\OneDrive\\Desktop\\mern-dev-1\\backend\\server.js","statementMap":{"0":{"start":{"line":1,"column":16},"end":{"line":1,"column":34}},"1":{"start":{"line":2,"column":17},"end":{"line":2,"column":36}},"2":{"start":{"line":3,"column":13},"end":{"line":3,"column":28}},"3":{"start":{"line":4,"column":0},"end":{"line":4,"column":27}},"4":{"start":{"line":7,"column":0},"end":{"line":9,"column":1}},"5":{"start":{"line":8,"column":2},"end":{"line":8,"column":60}},"6":{"start":{"line":10,"column":0},"end":{"line":12,"column":1}},"7":{"start":{"line":11,"column":2},"end":{"line":11,"column":65}},"8":{"start":{"line":14,"column":12},"end":{"line":14,"column":21}},"9":{"start":{"line":17,"column":0},"end":{"line":20,"column":4}},"10":{"start":{"line":21,"column":0},"end":{"line":21,"column":24}},"11":{"start":{"line":24,"column":0},"end":{"line":29,"column":3}},"12":{"start":{"line":25,"column":12},"end":{"line":25,"column":44}},"13":{"start":{"line":27,"column":2},"end":{"line":27,"column":50}},"14":{"start":{"line":28,"column":2},"end":{"line":28,"column":18}},"15":{"start":{"line":32,"column":0},"end":{"line":32,"column":47}},"16":{"start":{"line":33,"column":0},"end":{"line":33,"column":57}},"17":{"start":{"line":36,"column":0},"end":{"line":38,"column":3}},"18":{"start":{"line":37,"column":2},"end":{"line":37,"column":52}},"19":{"start":{"line":41,"column":0},"end":{"line":44,"column":3}},"20":{"start":{"line":42,"column":2},"end":{"line":42,"column":27}},"21":{"start":{"line":43,"column":2},"end":{"line":43,"column":61}},"22":{"start":{"line":46,"column":13},"end":{"line":46,"column":37}},"23":{"start":{"line":47,"column":0},"end":{"line":47,"column":70}},"24":{"start":{"line":47,"column":23},"end":{"line":47,"column":68}}},"fnMap":{"0":{"name":"(anonymous_0)","decl":{"start":{"line":25,"column":6},"end":{"line":25,"column":7}},"loc":{"start":{"line":25,"column":12},"end":{"line":25,"column":44}},"line":25},"1":{"name":"(anonymous_1)","decl":{"start":{"line":26,"column":7},"end":{"line":26,"column":8}},"loc":{"start":{"line":26,"column":14},"end":{"line":29,"column":1}},"line":26},"2":{"name":"(anonymous_2)","decl":{"start":{"line":36,"column":23},"end":{"line":36,"column":24}},"loc":{"start":{"line":36,"column":37},"end":{"line":38,"column":1}},"line":36},"3":{"name":"(anonymous_3)","decl":{"start":{"line":41,"column":8},"end":{"line":41,"column":9}},"loc":{"start":{"line":41,"column":33},"end":{"line":44,"column":1}},"line":41},"4":{"name":"(anonymous_4)","decl":{"start":{"line":47,"column":17},"end":{"line":47,"column":18}},"loc":{"start":{"line":47,"column":23},"end":{"line":47,"column":68}},"line":47}},"branchMap":{"0":{"loc":{"start":{"line":7,"column":0},"end":{"line":9,"column":1}},"type":"if","locations":[{"start":{"line":7,"column":0},"end":{"line":9,"column":1}},{"start":{},"end":{}}],"line":7},"1":{"loc":{"start":{"line":10,"column":0},"end":{"line":12,"column":1}},"type":"if","locations":[{"start":{"line":10,"column":0},"end":{"line":12,"column":1}},{"start":{},"end":{}}],"line":10},"2":{"loc":{"start":{"line":46,"column":13},"end":{"line":46,"column":37}},"type":"binary-expr","locations":[{"start":{"line":46,"column":13},"end":{"line":46,"column":29}},{"start":{"line":46,"column":33},"end":{"line":46,"column":37}}],"line":46}},"s":{"0":1,"1":1,"2":1,"3":1,"4":1,"5":0,"6":1,"7":0,"8":1,"9":1,"10":1,"11":1,"12":1,"13":0,"14":0,"15":1,"16":1,"17":1,"18":0,"19":1,"20":0,"21":0,"22":1,"23":1,"24":1},"f":{"0":1,"1":0,"2":0,"3":0,"4":1},"b":{"0":[0,1],"1":[0,1],"2":[1,0]},"_coverageSchema":"1a1c01bbd47fc00a2c39e90264f33305004495a9","hash":"2ffa4a58e63199cf47b0b1003463448346953b4d"}
,"C:\\Users\\naruc\\OneDrive\\Desktop\\mern-dev-1\\backend\\middleware\\auth.js": {"path":"C:\\Users\\naruc\\OneDrive\\Desktop\\mern-dev-1\\backend\\middleware\\auth.js","statementMap":{"0":{"start":{"line":2,"column":12},"end":{"line":2,"column":35}},"1":{"start":{"line":4,"column":26},"end":{"line":20,"column":1}},"2":{"start":{"line":5,"column":21},"end":{"line":5,"column":49}},"3":{"start":{"line":6,"column":16},"end":{"line":6,"column":54}},"4":{"start":{"line":8,"column":2},"end":{"line":10,"column":3}},"5":{"start":{"line":9,"column":4},"end":{"line":9,"column":72}},"6":{"start":{"line":12,"column":2},"end":{"line":19,"column":3}},"7":{"start":{"line":13,"column":20},"end":{"line":13,"column":61}},"8":{"start":{"line":14,"column":4},"end":{"line":14,"column":23}},"9":{"start":{"line":15,"column":4},"end":{"line":15,"column":11}},"10":{"start":{"line":17,"column":4},"end":{"line":17,"column":51}},"11":{"start":{"line":18,"column":4},"end":{"line":18,"column":73}},"12":{"start":{"line":22,"column":16},"end":{"line":27,"column":1}},"13":{"start":{"line":23,"column":2},"end":{"line":25,"column":3}},"14":{"start":{"line":24,"column":4},"end":{"line":24,"column":70}},"15":{"start":{"line":26,"column":2},"end":{"line":26,"column":9}},"16":{"start":{"line":29,"column":0},"end":{"line":29,"column":48}}},"fnMap":{"0":{"name":"(anonymous_0)","decl":{"start":{"line":4,"column":26},"end":{"line":4,"column":27}},"loc":{"start":{"line":4,"column":46},"end":{"line":20,"column":1}},"line":4},"1":{"name":"(anonymous_1)","decl":{"start":{"line":22,"column":16},"end":{"line":22,"column":17}},"loc":{"start":{"line":22,"column":36},"end":{"line":27,"column":1}},"line":22}},"branchMap":{"0":{"loc":{"start":{"line":6,"column":16},"end":{"line":6,"column":54}},"type":"binary-expr","locations":[{"start":{"line":6,"column":16},"end":{"line":6,"column":26}},{"start":{"line":6,"column":30},"end":{"line":6,"column":54}}],"line":6},"1":{"loc":{"start":{"line":8,"column":2},"end":{"line":10,"column":3}},"type":"if","locations":[{"start":{"line":8,"column":2},"end":{"line":10,"column":3}},{"start":{},"end":{}}],"line":8},"2":{"loc":{"start":{"line":23,"column":2},"end":{"line":25,"column":3}},"type":"if","locations":[{"start":{"line":23,"column":2},"end":{"line":25,"column":3}},{"start":{},"end":{}}],"line":23}},"s":{"0":1,"1":1,"2":0,"3":0,"4":0,"5":0,"6":0,"7":0,"8":0,"9":0,"10":0,"11":0,"12":1,"13":0,"14":0,"15":0,"16":1},"f":{"0":0,"1":0},"b":{"0":[0,0],"1":[0,0],"2":[0,0]},"_coverageSchema":"1a1c01bbd47fc00a2c39e90264f33305004495a9","hash":"642d9f3547ddb6a8df61209a19fb322d74336c40"}
,"C:\\Users\\naruc\\OneDrive\\Desktop\\mern-dev-1\\backend\\models\\Election.js": {"path":"C:\\Users\\naruc\\OneDrive\\Desktop\\mern-dev-1\\backend\\models\\Election.js","statementMap":{"0":{"start":{"line":1,"column":17},"end":{"line":1,"column":36}},"1":{"start":{"line":3,"column":24},"end":{"line":22,"column":2}},"2":{"start":{"line":24,"column":23},"end":{"line":57,"column":2}},"3":{"start":{"line":60,"column":0},"end":{"line":66,"column":3}},"4":{"start":{"line":61,"column":14},"end":{"line":61,"column":24}},"5":{"start":{"line":63,"column":2},"end":{"line":63,"column":46}},"6":{"start":{"line":63,"column":28},"end":{"line":63,"column":46}},"7":{"start":{"line":64,"column":2},"end":{"line":64,"column":45}},"8":{"start":{"line":64,"column":26},"end":{"line":64,"column":45}},"9":{"start":{"line":65,"column":2},"end":{"line":65,"column":18}},"10":{"start":{"line":69,"column":0},"end":{"line":78,"column":3}},"11":{"start":{"line":70,"column":2},"end":{"line":76,"column":3}},"12":{"start":{"line":71,"column":4},"end":{"line":75,"column":7}},"13":{"start":{"line":72,"column":6},"end":{"line":74,"column":7}},"14":{"start":{"line":73,"column":8},"end":{"line":73,"column":54}},"15":{"start":{"line":77,"column":2},"end":{"line":77,"column":9}},"16":{"start":{"line":80,"column":17},"end":{"line":80,"column":59}},"17":{"start":{"line":82,"column":0},"end":{"line":82,"column":26}}},"fnMap":{"0":{"name":"(anonymous_0)","decl":{"start":{"line":60,"column":44},"end":{"line":60,"column":45}},"loc":{"start":{"line":60,"column":55},"end":{"line":66,"column":1}},"line":60},"1":{"name":"(anonymous_1)","decl":{"start":{"line":69,"column":27},"end":{"line":69,"column":28}},"loc":{"start":{"line":69,"column":42},"end":{"line":78,"column":1}},"line":69},"2":{"name":"(anonymous_2)","decl":{"start":{"line":71,"column":28},"end":{"line":71,"column":29}},"loc":{"start":{"line":71,"column":41},"end":{"line":75,"column":5}},"line":71}},"branchMap":{"0":{"loc":{"start":{"line":63,"column":2},"end":{"line":63,"column":46}},"type":"if","locations":[{"start":{"line":63,"column":2},"end":{"line":63,"column":46}},{"start":{},"end":{}}],"line":63},"1":{"loc":{"start":{"line":64,"column":2},"end":{"line":64,"column":45}},"type":"if","locations":[{"start":{"line":64,"column":2},"end":{"line":64,"column":45}},{"start":{},"end":{}}],"line":64},"2":{"loc":{"start":{"line":70,"column":2},"end":{"line":76,"column":3}},"type":"if","locations":[{"start":{"line":70,"column":2},"end":{"line":76,"column":3}},{"start":{},"end":{}}],"line":70},"3":{"loc":{"start":{"line":72,"column":6},"end":{"line":74,"column":7}},"type":"if","locations":[{"start":{"line":72,"column":6},"end":{"line":74,"column":7}},{"start":{},"end":{}}],"line":72}},"s":{"0":1,"1":1,"2":1,"3":1,"4":0,"5":0,"6":0,"7":0,"8":0,"9":0,"10":1,"11":0,"12":0,"13":0,"14":0,"15":0,"16":1,"17":1},"f":{"0":0,"1":0,"2":0},"b":{"0":[0,0],"1":[0,0],"2":[0,0],"3":[0,0]},"_coverageSchema":"1a1c01bbd47fc00a2c39e90264f33305004495a9","hash":"61df1f8f73247f7c92abe1311a3e360fb70d2551"}
,"C:\\Users\\naruc\\OneDrive\\Desktop\\mern-dev-1\\backend\\models\\User.js": {"path":"C:\\Users\\naruc\\OneDrive\\Desktop\\mern-dev-1\\backend\\models\\User.js","statementMap":{"0":{"start":{"line":1,"column":17},"end":{"line":1,"column":36}},"1":{"start":{"line":2,"column":15},"end":{"line":2,"column":34}},"2":{"start":{"line":4,"column":19},"end":{"line":56,"column":2}},"3":{"start":{"line":59,"column":0},"end":{"line":69,"column":3}},"4":{"start":{"line":60,"column":2},"end":{"line":60,"column":50}},"5":{"start":{"line":60,"column":36},"end":{"line":60,"column":50}},"6":{"start":{"line":62,"column":2},"end":{"line":68,"column":3}},"7":{"start":{"line":63,"column":17},"end":{"line":63,"column":41}},"8":{"start":{"line":64,"column":4},"end":{"line":64,"column":59}},"9":{"start":{"line":65,"column":4},"end":{"line":65,"column":11}},"10":{"start":{"line":67,"column":4},"end":{"line":67,"column":16}},"11":{"start":{"line":72,"column":0},"end":{"line":74,"column":2}},"12":{"start":{"line":73,"column":2},"end":{"line":73,"column":64}},"13":{"start":{"line":76,"column":13},"end":{"line":76,"column":47}},"14":{"start":{"line":78,"column":0},"end":{"line":78,"column":22}}},"fnMap":{"0":{"name":"(anonymous_0)","decl":{"start":{"line":59,"column":23},"end":{"line":59,"column":24}},"loc":{"start":{"line":59,"column":44},"end":{"line":69,"column":1}},"line":59},"1":{"name":"(anonymous_1)","decl":{"start":{"line":72,"column":37},"end":{"line":72,"column":38}},"loc":{"start":{"line":72,"column":71},"end":{"line":74,"column":1}},"line":72}},"branchMap":{"0":{"loc":{"start":{"line":60,"column":2},"end":{"line":60,"column":50}},"type":"if","locations":[{"start":{"line":60,"column":2},"end":{"line":60,"column":50}},{"start":{},"end":{}}],"line":60}},"s":{"0":1,"1":1,"2":1,"3":1,"4":1,"5":0,"6":1,"7":1,"8":1,"9":1,"10":0,"11":1,"12":0,"13":1,"14":1},"f":{"0":1,"1":0},"b":{"0":[0,1]},"_coverageSchema":"1a1c01bbd47fc00a2c39e90264f33305004495a9","hash":"3437beb21994f8f6f56c21a3f94a9cf96d439b6d"}
,"C:\\Users\\naruc\\OneDrive\\Desktop\\mern-dev-1\\backend\\models\\Vote.js": {"path":"C:\\Users\\naruc\\OneDrive\\Desktop\\mern-dev-1\\backend\\models\\Vote.js","statementMap":{"0":{"start":{"line":2,"column":17},"end":{"line":2,"column":36}},"1":{"start":{"line":4,"column":19},"end":{"line":27,"column":2}},"2":{"start":{"line":30,"column":0},"end":{"line":30,"column":62}},"3":{"start":{"line":32,"column":13},"end":{"line":32,"column":47}},"4":{"start":{"line":34,"column":0},"end":{"line":34,"column":22}}},"fnMap":{},"branchMap":{},"s":{"0":1,"1":1,"2":1,"3":1,"4":1},"f":{},"b":{},"_coverageSchema":"1a1c01bbd47fc00a2c39e90264f33305004495a9","hash":"89b91fc88cc4c553f315d1ca630a62e46640c86f"}
,"C:\\Users\\naruc\\OneDrive\\Desktop\\mern-dev-1\\backend\\routes\\auth.js": {"path":"C:\\Users\\naruc\\OneDrive\\Desktop\\mern-dev-1\\backend\\routes\\auth.js","statementMap":{"0":{"start":{"line":1,"column":16},"end":{"line":1,"column":34}},"1":{"start":{"line":2,"column":15},"end":{"line":2,"column":31}},"2":{"start":{"line":3,"column":12},"end":{"line":3,"column":35}},"3":{"start":{"line":4,"column":13},"end":{"line":4,"column":38}},"4":{"start":{"line":5,"column":39},"end":{"line":5,"column":68}},"5":{"start":{"line":8,"column":0},"end":{"line":42,"column":3}},"6":{"start":{"line":9,"column":2},"end":{"line":41,"column":3}},"7":{"start":{"line":10,"column":56},"end":{"line":10,"column":64}},"8":{"start":{"line":13,"column":15},"end":{"line":13,"column":68}},"9":{"start":{"line":15,"column":4},"end":{"line":19,"column":5}},"10":{"start":{"line":16,"column":6},"end":{"line":18,"column":9}},"11":{"start":{"line":22,"column":4},"end":{"line":29,"column":7}},"12":{"start":{"line":31,"column":4},"end":{"line":31,"column":22}},"13":{"start":{"line":35,"column":4},"end":{"line":37,"column":7}},"14":{"start":{"line":39,"column":4},"end":{"line":39,"column":48}},"15":{"start":{"line":40,"column":4},"end":{"line":40,"column":74}},"16":{"start":{"line":45,"column":0},"end":{"line":101,"column":3}},"17":{"start":{"line":46,"column":2},"end":{"line":100,"column":3}},"18":{"start":{"line":47,"column":34},"end":{"line":47,"column":42}},"19":{"start":{"line":50,"column":17},"end":{"line":50,"column":48}},"20":{"start":{"line":52,"column":4},"end":{"line":54,"column":5}},"21":{"start":{"line":53,"column":6},"end":{"line":53,"column":70}},"22":{"start":{"line":57,"column":4},"end":{"line":59,"column":5}},"23":{"start":{"line":58,"column":6},"end":{"line":58,"column":75}},"24":{"start":{"line":62,"column":20},"end":{"line":62,"column":56}},"25":{"start":{"line":64,"column":4},"end":{"line":66,"column":5}},"26":{"start":{"line":65,"column":6},"end":{"line":65,"column":70}},"27":{"start":{"line":69,"column":4},"end":{"line":71,"column":5}},"28":{"start":{"line":70,"column":6},"end":{"line":70,"column":93}},"29":{"start":{"line":74,"column":18},"end":{"line":82,"column":5}},"30":{"start":{"line":85,"column":4},"end":{"line":96,"column":7}},"31":{"start":{"line":98,"column":4},"end":{"line":98,"column":41}},"32":{"start":{"line":99,"column":4},"end":{"line":99,"column":67}},"33":{"start":{"line":104,"column":0},"end":{"line":117,"column":3}},"34":{"start":{"line":105,"column":2},"end":{"line":116,"column":3}},"35":{"start":{"line":106,"column":17},"end":{"line":106,"column":69}},"36":{"start":{"line":108,"column":4},"end":{"line":110,"column":5}},"37":{"start":{"line":109,"column":6},"end":{"line":109,"column":65}},"38":{"start":{"line":112,"column":4},"end":{"line":112,"column":19}},"39":{"start":{"line":114,"column":4},"end":{"line":114,"column":43}},"40":{"start":{"line":115,"column":4},"end":{"line":115,"column":71}},"41":{"start":{"line":120,"column":0},"end":{"line":177,"column":3}},"42":{"start":{"line":121,"column":2},"end":{"line":176,"column":3}},"43":{"start":{"line":122,"column":53},"end":{"line":122,"column":61}},"44":{"start":{"line":125,"column":4},"end":{"line":127,"column":5}},"45":{"start":{"line":126,"column":6},"end":{"line":126,"column":81}},"46":{"start":{"line":129,"column":4},"end":{"line":131,"column":5}},"47":{"start":{"line":130,"column":6},"end":{"line":130,"column":78}},"48":{"start":{"line":134,"column":25},"end":{"line":139,"column":6}},"49":{"start":{"line":141,"column":4},"end":{"line":145,"column":5}},"50":{"start":{"line":142,"column":6},"end":{"line":144,"column":9}},"51":{"start":{"line":148,"column":17},"end":{"line":163,"column":25}},"52":{"start":{"line":165,"column":4},"end":{"line":167,"column":5}},"53":{"start":{"line":166,"column":6},"end":{"line":166,"column":65}},"54":{"start":{"line":169,"column":4},"end":{"line":169,"column":19}},"55":{"start":{"line":171,"column":4},"end":{"line":171,"column":50}},"56":{"start":{"line":172,"column":4},"end":{"line":174,"column":5}},"57":{"start":{"line":173,"column":6},"end":{"line":173,"column":62}},"58":{"start":{"line":175,"column":4},"end":{"line":175,"column":76}},"59":{"start":{"line":180,"column":0},"end":{"line":225,"column":3}},"60":{"start":{"line":181,"column":2},"end":{"line":224,"column":3}},"61":{"start":{"line":182,"column":25},"end":{"line":182,"column":34}},"62":{"start":{"line":183,"column":16},"end":{"line":183,"column":49}},"63":{"start":{"line":186,"column":4},"end":{"line":196,"column":5}},"64":{"start":{"line":187,"column":6},"end":{"line":195,"column":7}},"65":{"start":{"line":189,"column":10},"end":{"line":189,"column":45}},"66":{"start":{"line":190,"column":10},"end":{"line":190,"column":16}},"67":{"start":{"line":192,"column":10},"end":{"line":192,"column":35}},"68":{"start":{"line":193,"column":10},"end":{"line":193,"column":16}},"69":{"start":{"line":198,"column":19},"end":{"line":200,"column":30}},"70":{"start":{"line":203,"column":18},"end":{"line":215,"column":5}},"71":{"start":{"line":217,"column":4},"end":{"line":220,"column":7}},"72":{"start":{"line":222,"column":4},"end":{"line":222,"column":51}},"73":{"start":{"line":223,"column":4},"end":{"line":223,"column":76}},"74":{"start":{"line":228,"column":0},"end":{"line":257,"column":3}},"75":{"start":{"line":229,"column":2},"end":{"line":256,"column":3}},"76":{"start":{"line":230,"column":19},"end":{"line":230,"column":30}},"77":{"start":{"line":233,"column":17},"end":{"line":237,"column":25}},"78":{"start":{"line":239,"column":4},"end":{"line":244,"column":5}},"79":{"start":{"line":240,"column":6},"end":{"line":243,"column":9}},"80":{"start":{"line":246,"column":4},"end":{"line":249,"column":7}},"81":{"start":{"line":251,"column":4},"end":{"line":251,"column":52}},"82":{"start":{"line":252,"column":4},"end":{"line":255,"column":7}},"83":{"start":{"line":283,"column":0},"end":{"line":307,"column":3}},"84":{"start":{"line":284,"column":2},"end":{"line":306,"column":3}},"85":{"start":{"line":285,"column":20},"end":{"line":285,"column":33}},"86":{"start":{"line":288,"column":18},"end":{"line":288,"column":46}},"87":{"start":{"line":290,"column":4},"end":{"line":292,"column":5}},"88":{"start":{"line":291,"column":6},"end":{"line":291,"column":66}},"89":{"start":{"line":294,"column":4},"end":{"line":296,"column":5}},"90":{"start":{"line":295,"column":6},"end":{"line":295,"column":79}},"91":{"start":{"line":299,"column":4},"end":{"line":299,"column":27}},"92":{"start":{"line":300,"column":4},"end":{"line":300,"column":23}},"93":{"start":{"line":302,"column":4},"end":{"line":302,"column":56}},"94":{"start":{"line":304,"column":4},"end":{"line":304,"column":54}},"95":{"start":{"line":305,"column":4},"end":{"line":305,"column":74}},"96":{"start":{"line":309,"column":0},"end":{"line":309,"column":24}}},"fnMap":{"0":{"name":"(anonymous_0)","decl":{"start":{"line":8,"column":25},"end":{"line":8,"column":26}},"loc":{"start":{"line":8,"column":45},"end":{"line":42,"column":1}},"line":8},"1":{"name":"(anonymous_1)","decl":{"start":{"line":45,"column":22},"end":{"line":45,"column":23}},"loc":{"start":{"line":45,"column":42},"end":{"line":101,"column":1}},"line":45},"2":{"name":"(anonymous_2)","decl":{"start":{"line":104,"column":42},"end":{"line":104,"column":43}},"loc":{"start":{"line":104,"column":62},"end":{"line":117,"column":1}},"line":104},"3":{"name":"(anonymous_3)","decl":{"start":{"line":120,"column":42},"end":{"line":120,"column":43}},"loc":{"start":{"line":120,"column":62},"end":{"line":177,"column":1}},"line":120},"4":{"name":"(anonymous_4)","decl":{"start":{"line":180,"column":50},"end":{"line":180,"column":51}},"loc":{"start":{"line":180,"column":70},"end":{"line":225,"column":1}},"line":180},"5":{"name":"(anonymous_5)","decl":{"start":{"line":228,"column":46},"end":{"line":228,"column":47}},"loc":{"start":{"line":228,"column":66},"end":{"line":257,"column":1}},"line":228},"6":{"name":"(anonymous_6)","decl":{"start":{"line":283,"column":66},"end":{"line":283,"column":67}},"loc":{"start":{"line":283,"column":86},"end":{"line":307,"column":1}},"line":283}},"branchMap":{"0":{"loc":{"start":{"line":15,"column":4},"end":{"line":19,"column":5}},"type":"if","locations":[{"start":{"line":15,"column":4},"end":{"line":19,"column":5}},{"start":{},"end":{}}],"line":15},"1":{"loc":{"start":{"line":52,"column":4},"end":{"line":54,"column":5}},"type":"if","locations":[{"start":{"line":52,"column":4},"end":{"line":54,"column":5}},{"start":{},"end":{}}],"line":52},"2":{"loc":{"start":{"line":57,"column":4},"end":{"line":59,"column":5}},"type":"if","locations":[{"start":{"line":57,"column":4},"end":{"line":59,"column":5}},{"start":{},"end":{}}],"line":57},"3":{"loc":{"start":{"line":64,"column":4},"end":{"line":66,"column":5}},"type":"if","locations":[{"start":{"line":64,"column":4},"end":{"line":66,"column":5}},{"start":{},"end":{}}],"line":64},"4":{"loc":{"start":{"line":69,"column":4},"end":{"line":71,"column":5}},"type":"if","locations":[{"start":{"line":69,"column":4},"end":{"line":71,"column":5}},{"start":{},"end":{}}],"line":69},"5":{"loc":{"start":{"line":69,"column":8},"end":{"line":69,"column":65}},"type":"binary-expr","locations":[{"start":{"line":69,"column":8},"end":{"line":69,"column":24}},{"start":{"line":69,"column":28},"end":{"line":69,"column":65}}],"line":69},"6":{"loc":{"start":{"line":108,"column":4},"end":{"line":110,"column":5}},"type":"if","locations":[{"start":{"line":108,"column":4},"end":{"line":110,"column":5}},{"start":{},"end":{}}],"line":108},"7":{"loc":{"start":{"line":125,"column":4},"end":{"line":127,"column":5}},"type":"if","locations":[{"start":{"line":125,"column":4},"end":{"line":127,"column":5}},{"start":{},"end":{}}],"line":125},"8":{"loc":{"start":{"line":125,"column":8},"end":{"line":125,"column":38}},"type":"binary-expr","locations":[{"start":{"line":125,"column":8},"end":{"line":125,"column":11}},{"start":{"line":125,"column":16},"end":{"line":125,"column":24}},{"start":{"line":125,"column":28},"end":{"line":125,"column":37}}],"line":125},"9":{"loc":{"start":{"line":129,"column":4},"end":{"line":131,"column":5}},"type":"if","locations":[{"start":{"line":129,"column":4},"end":{"line":131,"column":5}},{"start":{},"end":{}}],"line":129},"10":{"loc":{"start":{"line":129,"column":8},"end":{"line":129,"column":50}},"type":"binary-expr","locations":[{"start":{"line":129,"column":8},"end":{"line":129,"column":13}},{"start":{"line":129,"column":17},"end":{"line":129,"column":50}}],"line":129},"11":{"loc":{"start":{"line":141,"column":4},"end":{"line":145,"column":5}},"type":"if","locations":[{"start":{"line":141,"column":4},"end":{"line":145,"column":5}},{"start":{},"end":{}}],"line":141},"12":{"loc":{"start":{"line":165,"column":4},"end":{"line":167,"column":5}},"type":"if","locations":[{"start":{"line":165,"column":4},"end":{"line":167,"column":5}},{"start":{},"end":{}}],"line":165},"13":{"loc":{"start":{"line":172,"column":4},"end":{"line":174,"column":5}},"type":"if","locations":[{"start":{"line":172,"column":4},"end":{"line":174,"column":5}},{"start":{},"end":{}}],"line":172},"14":{"loc":{"start":{"line":186,"column":4},"end":{"line":196,"column":5}},"type":"if","locations":[{"start":{"line":186,"column":4},"end":{"line":196,"column":5}},{"start":{},"end":{}}],"line":186},"15":{"loc":{"start":{"line":187,"column":6},"end":{"line":195,"column":7}},"type":"switch","locations":[{"start":{"line":188,"column":8},"end":{"line":190,"column":16}},{"start":{"line":191,"column":8},"end":{"line":193,"column":16}}],"line":187},"16":{"loc":{"start":{"line":239,"column":4},"end":{"line":244,"column":5}},"type":"if","locations":[{"start":{"line":239,"column":4},"end":{"line":244,"column":5}},{"start":{},"end":{}}],"line":239},"17":{"loc":{"start":{"line":290,"column":4},"end":{"line":292,"column":5}},"type":"if","locations":[{"start":{"line":290,"column":4},"end":{"line":292,"column":5}},{"start":{},"end":{}}],"line":290},"18":{"loc":{"start":{"line":294,"column":4},"end":{"line":296,"column":5}},"type":"if","locations":[{"start":{"line":294,"column":4},"end":{"line":296,"column":5}},{"start":{},"end":{}}],"line":294}},"s":{"0":1,"1":1,"2":1,"3":1,"4":1,"5":1,"6":0,"7":0,"8":0,"9":0,"10":0,"11":0,"12":0,"13":0,"14":0,"15":0,"16":1,"17":0,"18":0,"19":0,"20":0,"21":0,"22":0,"23":0,"24":0,"25":0,"26":0,"27":0,"28":0,"29":0,"30":0,"31":0,"32":0,"33":1,"34":0,"35":0,"36":0,"37":0,"38":0,"39":0,"40":0,"41":1,"42":0,"43":0,"44":0,"45":0,"46":0,"47":0,"48":0,"49":0,"50":0,"51":0,"52":0,"53":0,"54":0,"55":0,"56":0,"57":0,"58":0,"59":1,"60":0,"61":0,"62":0,"63":0,"64":0,"65":0,"66":0,"67":0,"68":0,"69":0,"70":0,"71":0,"72":0,"73":0,"74":1,"75":0,"76":0,"77":0,"78":0,"79":0,"80":0,"81":0,"82":0,"83":1,"84":0,"85":0,"86":0,"87":0,"88":0,"89":0,"90":0,"91":0,"92":0,"93":0,"94":0,"95":0,"96":1},"f":{"0":0,"1":0,"2":0,"3":0,"4":0,"5":0,"6":0},"b":{"0":[0,0],"1":[0,0],"2":[0,0],"3":[0,0],"4":[0,0],"5":[0,0],"6":[0,0],"7":[0,0],"8":[0,0,0],"9":[0,0],"10":[0,0],"11":[0,0],"12":[0,0],"13":[0,0],"14":[0,0],"15":[0,0],"16":[0,0],"17":[0,0],"18":[0,0]},"_coverageSchema":"1a1c01bbd47fc00a2c39e90264f33305004495a9","hash":"6cb3f92663f5b5877c5af41022c6a71469e634ff"}
,"C:\\Users\\naruc\\OneDrive\\Desktop\\mern-dev-1\\backend\\routes\\elections.js": {"path":"C:\\Users\\naruc\\OneDrive\\Desktop\\mern-dev-1\\backend\\routes\\elections.js","statementMap":{"0":{"start":{"line":1,"column":16},"end":{"line":1,"column":34}},"1":{"start":{"line":2,"column":15},"end":{"line":2,"column":31}},"2":{"start":{"line":3,"column":17},"end":{"line":3,"column":36}},"3":{"start":{"line":4,"column":17},"end":{"line":4,"column":46}},"4":{"start":{"line":5,"column":13},"end":{"line":5,"column":38}},"5":{"start":{"line":6,"column":39},"end":{"line":6,"column":68}},"6":{"start":{"line":7,"column":15},"end":{"line":7,"column":32}},"7":{"start":{"line":10,"column":0},"end":{"line":40,"column":3}},"8":{"start":{"line":11,"column":2},"end":{"line":39,"column":3}},"9":{"start":{"line":12,"column":22},"end":{"line":14,"column":30}},"10":{"start":{"line":17,"column":29},"end":{"line":33,"column":6}},"11":{"start":{"line":18,"column":18},"end":{"line":18,"column":28}},"12":{"start":{"line":19,"column":19},"end":{"line":19,"column":34}},"13":{"start":{"line":21,"column":6},"end":{"line":27,"column":7}},"14":{"start":{"line":22,"column":8},"end":{"line":22,"column":28}},"15":{"start":{"line":23,"column":13},"end":{"line":27,"column":7}},"16":{"start":{"line":24,"column":8},"end":{"line":24,"column":29}},"17":{"start":{"line":26,"column":8},"end":{"line":26,"column":26}},"18":{"start":{"line":29,"column":6},"end":{"line":32,"column":8}},"19":{"start":{"line":35,"column":4},"end":{"line":35,"column":31}},"20":{"start":{"line":37,"column":4},"end":{"line":37,"column":49}},"21":{"start":{"line":38,"column":4},"end":{"line":38,"column":73}},"22":{"start":{"line":43,"column":0},"end":{"line":92,"column":3}},"23":{"start":{"line":44,"column":2},"end":{"line":91,"column":3}},"24":{"start":{"line":45,"column":23},"end":{"line":45,"column":36}},"25":{"start":{"line":46,"column":4},"end":{"line":46,"column":58}},"26":{"start":{"line":49,"column":4},"end":{"line":52,"column":5}},"27":{"start":{"line":50,"column":6},"end":{"line":50,"column":61}},"28":{"start":{"line":51,"column":6},"end":{"line":51,"column":77}},"29":{"start":{"line":54,"column":21},"end":{"line":54,"column":56}},"30":{"start":{"line":55,"column":4},"end":{"line":55,"column":60}},"31":{"start":{"line":57,"column":4},"end":{"line":59,"column":5}},"32":{"start":{"line":58,"column":6},"end":{"line":58,"column":69}},"33":{"start":{"line":62,"column":16},"end":{"line":62,"column":26}},"34":{"start":{"line":63,"column":17},"end":{"line":63,"column":32}},"35":{"start":{"line":65,"column":4},"end":{"line":71,"column":5}},"36":{"start":{"line":66,"column":6},"end":{"line":66,"column":26}},"37":{"start":{"line":67,"column":11},"end":{"line":71,"column":5}},"38":{"start":{"line":68,"column":6},"end":{"line":68,"column":27}},"39":{"start":{"line":70,"column":6},"end":{"line":70,"column":24}},"40":{"start":{"line":73,"column":19},"end":{"line":76,"column":5}},"41":{"start":{"line":78,"column":4},"end":{"line":78,"column":59}},"42":{"start":{"line":79,"column":4},"end":{"line":79,"column":21}},"43":{"start":{"line":81,"column":4},"end":{"line":81,"column":48}},"44":{"start":{"line":83,"column":4},"end":{"line":85,"column":5}},"45":{"start":{"line":84,"column":6},"end":{"line":84,"column":77}},"46":{"start":{"line":87,"column":4},"end":{"line":90,"column":7}},"47":{"start":{"line":95,"column":0},"end":{"line":190,"column":3}},"48":{"start":{"line":96,"column":2},"end":{"line":189,"column":3}},"49":{"start":{"line":97,"column":67},"end":{"line":97,"column":75}},"50":{"start":{"line":99,"column":4},"end":{"line":105,"column":7}},"51":{"start":{"line":108,"column":4},"end":{"line":113,"column":5}},"52":{"start":{"line":109,"column":6},"end":{"line":112,"column":9}},"53":{"start":{"line":116,"column":4},"end":{"line":118,"column":5}},"54":{"start":{"line":117,"column":6},"end":{"line":117,"column":87}},"55":{"start":{"line":121,"column":4},"end":{"line":128,"column":5}},"56":{"start":{"line":122,"column":6},"end":{"line":127,"column":7}},"57":{"start":{"line":123,"column":8},"end":{"line":126,"column":11}},"58":{"start":{"line":131,"column":16},"end":{"line":131,"column":26}},"59":{"start":{"line":132,"column":18},"end":{"line":132,"column":37}},"60":{"start":{"line":133,"column":16},"end":{"line":133,"column":33}},"61":{"start":{"line":135,"column":4},"end":{"line":137,"column":5}},"62":{"start":{"line":136,"column":6},"end":{"line":136,"column":70}},"63":{"start":{"line":139,"column":4},"end":{"line":141,"column":5}},"64":{"start":{"line":140,"column":6},"end":{"line":140,"column":84}},"65":{"start":{"line":144,"column":17},"end":{"line":144,"column":27}},"66":{"start":{"line":145,"column":4},"end":{"line":149,"column":5}},"67":{"start":{"line":146,"column":6},"end":{"line":146,"column":27}},"68":{"start":{"line":147,"column":11},"end":{"line":149,"column":5}},"69":{"start":{"line":148,"column":6},"end":{"line":148,"column":24}},"70":{"start":{"line":152,"column":21},"end":{"line":164,"column":6}},"71":{"start":{"line":158,"column":47},"end":{"line":162,"column":7}},"72":{"start":{"line":166,"column":4},"end":{"line":166,"column":26}},"73":{"start":{"line":168,"column":4},"end":{"line":172,"column":7}},"74":{"start":{"line":174,"column":4},"end":{"line":174,"column":35}},"75":{"start":{"line":176,"column":4},"end":{"line":176,"column":53}},"76":{"start":{"line":178,"column":4},"end":{"line":183,"column":5}},"77":{"start":{"line":179,"column":6},"end":{"line":182,"column":9}},"78":{"start":{"line":181,"column":55},"end":{"line":181,"column":66}},"79":{"start":{"line":185,"column":4},"end":{"line":188,"column":7}},"80":{"start":{"line":193,"column":0},"end":{"line":282,"column":3}},"81":{"start":{"line":194,"column":2},"end":{"line":281,"column":3}},"82":{"start":{"line":195,"column":28},"end":{"line":195,"column":36}},"83":{"start":{"line":196,"column":23},"end":{"line":196,"column":36}},"84":{"start":{"line":198,"column":4},"end":{"line":202,"column":7}},"85":{"start":{"line":205,"column":4},"end":{"line":208,"column":5}},"86":{"start":{"line":206,"column":6},"end":{"line":206,"column":61}},"87":{"start":{"line":207,"column":6},"end":{"line":207,"column":77}},"88":{"start":{"line":209,"column":4},"end":{"line":212,"column":5}},"89":{"start":{"line":210,"column":6},"end":{"line":210,"column":63}},"90":{"start":{"line":211,"column":6},"end":{"line":211,"column":78}},"91":{"start":{"line":215,"column":21},"end":{"line":215,"column":56}},"92":{"start":{"line":216,"column":4},"end":{"line":216,"column":60}},"93":{"start":{"line":218,"column":4},"end":{"line":220,"column":5}},"94":{"start":{"line":219,"column":6},"end":{"line":219,"column":69}},"95":{"start":{"line":223,"column":16},"end":{"line":223,"column":26}},"96":{"start":{"line":224,"column":4},"end":{"line":226,"column":5}},"97":{"start":{"line":225,"column":6},"end":{"line":225,"column":88}},"98":{"start":{"line":229,"column":22},"end":{"line":231,"column":5}},"99":{"start":{"line":230,"column":19},"end":{"line":230,"column":59}},"100":{"start":{"line":233,"column":4},"end":{"line":242,"column":5}},"101":{"start":{"line":234,"column":6},"end":{"line":240,"column":9}},"102":{"start":{"line":236,"column":59},"end":{"line":239,"column":9}},"103":{"start":{"line":241,"column":6},"end":{"line":241,"column":86}},"104":{"start":{"line":245,"column":25},"end":{"line":248,"column":6}},"105":{"start":{"line":250,"column":4},"end":{"line":252,"column":5}},"106":{"start":{"line":251,"column":6},"end":{"line":251,"column":90}},"107":{"start":{"line":255,"column":17},"end":{"line":259,"column":6}},"108":{"start":{"line":261,"column":4},"end":{"line":261,"column":22}},"109":{"start":{"line":263,"column":4},"end":{"line":267,"column":7}},"110":{"start":{"line":269,"column":4},"end":{"line":269,"column":68}},"111":{"start":{"line":271,"column":4},"end":{"line":271,"column":51}},"112":{"start":{"line":273,"column":4},"end":{"line":275,"column":5}},"113":{"start":{"line":274,"column":6},"end":{"line":274,"column":68}},"114":{"start":{"line":277,"column":4},"end":{"line":280,"column":7}},"115":{"start":{"line":285,"column":0},"end":{"line":336,"column":3}},"116":{"start":{"line":286,"column":2},"end":{"line":335,"column":3}},"117":{"start":{"line":287,"column":23},"end":{"line":287,"column":36}},"118":{"start":{"line":288,"column":19},"end":{"line":288,"column":30}},"119":{"start":{"line":291,"column":4},"end":{"line":293,"column":5}},"120":{"start":{"line":292,"column":6},"end":{"line":292,"column":77}},"121":{"start":{"line":296,"column":21},"end":{"line":296,"column":56}},"122":{"start":{"line":297,"column":4},"end":{"line":299,"column":5}},"123":{"start":{"line":298,"column":6},"end":{"line":298,"column":69}},"124":{"start":{"line":302,"column":17},"end":{"line":305,"column":6}},"125":{"start":{"line":307,"column":19},"end":{"line":310,"column":5}},"126":{"start":{"line":313,"column":4},"end":{"line":326,"column":5}},"127":{"start":{"line":314,"column":24},"end":{"line":316,"column":7}},"128":{"start":{"line":315,"column":13},"end":{"line":315,"column":59}},"129":{"start":{"line":318,"column":6},"end":{"line":325,"column":7}},"130":{"start":{"line":319,"column":8},"end":{"line":324,"column":10}},"131":{"start":{"line":328,"column":4},"end":{"line":328,"column":23}},"132":{"start":{"line":330,"column":4},"end":{"line":330,"column":51}},"133":{"start":{"line":331,"column":4},"end":{"line":334,"column":7}},"134":{"start":{"line":339,"column":0},"end":{"line":424,"column":3}},"135":{"start":{"line":340,"column":2},"end":{"line":423,"column":3}},"136":{"start":{"line":341,"column":23},"end":{"line":341,"column":36}},"137":{"start":{"line":342,"column":4},"end":{"line":342,"column":69}},"138":{"start":{"line":345,"column":4},"end":{"line":351,"column":5}},"139":{"start":{"line":346,"column":6},"end":{"line":346,"column":61}},"140":{"start":{"line":347,"column":6},"end":{"line":350,"column":9}},"141":{"start":{"line":354,"column":21},"end":{"line":354,"column":56}},"142":{"start":{"line":355,"column":4},"end":{"line":355,"column":60}},"143":{"start":{"line":357,"column":4},"end":{"line":363,"column":5}},"144":{"start":{"line":358,"column":6},"end":{"line":358,"column":61}},"145":{"start":{"line":359,"column":6},"end":{"line":362,"column":9}},"146":{"start":{"line":366,"column":16},"end":{"line":366,"column":26}},"147":{"start":{"line":367,"column":4},"end":{"line":379,"column":5}},"148":{"start":{"line":368,"column":6},"end":{"line":373,"column":9}},"149":{"start":{"line":374,"column":6},"end":{"line":378,"column":9}},"150":{"start":{"line":381,"column":4},"end":{"line":391,"column":5}},"151":{"start":{"line":382,"column":6},"end":{"line":386,"column":9}},"152":{"start":{"line":387,"column":6},"end":{"line":390,"column":9}},"153":{"start":{"line":394,"column":30},"end":{"line":394,"column":77}},"154":{"start":{"line":395,"column":4},"end":{"line":398,"column":7}},"155":{"start":{"line":401,"column":25},"end":{"line":401,"column":69}},"156":{"start":{"line":402,"column":4},"end":{"line":405,"column":7}},"157":{"start":{"line":407,"column":4},"end":{"line":411,"column":7}},"158":{"start":{"line":413,"column":4},"end":{"line":417,"column":7}},"159":{"start":{"line":419,"column":4},"end":{"line":422,"column":7}},"160":{"start":{"line":427,"column":0},"end":{"line":512,"column":3}},"161":{"start":{"line":428,"column":2},"end":{"line":511,"column":3}},"162":{"start":{"line":429,"column":23},"end":{"line":429,"column":36}},"163":{"start":{"line":430,"column":4},"end":{"line":430,"column":62}},"164":{"start":{"line":433,"column":4},"end":{"line":435,"column":5}},"165":{"start":{"line":434,"column":6},"end":{"line":434,"column":77}},"166":{"start":{"line":438,"column":21},"end":{"line":438,"column":56}},"167":{"start":{"line":439,"column":4},"end":{"line":441,"column":5}},"168":{"start":{"line":440,"column":6},"end":{"line":440,"column":69}},"169":{"start":{"line":444,"column":16},"end":{"line":444,"column":26}},"170":{"start":{"line":445,"column":24},"end":{"line":445,"column":46}},"171":{"start":{"line":447,"column":4},"end":{"line":452,"column":5}},"172":{"start":{"line":448,"column":6},"end":{"line":451,"column":9}},"173":{"start":{"line":455,"column":18},"end":{"line":455,"column":59}},"174":{"start":{"line":456,"column":23},"end":{"line":456,"column":35}},"175":{"start":{"line":459,"column":20},"end":{"line":459,"column":29}},"176":{"start":{"line":460,"column":4},"end":{"line":463,"column":7}},"177":{"start":{"line":461,"column":20},"end":{"line":461,"column":63}},"178":{"start":{"line":462,"column":6},"end":{"line":462,"column":56}},"179":{"start":{"line":466,"column":20},"end":{"line":480,"column":6}},"180":{"start":{"line":467,"column":20},"end":{"line":467,"column":62}},"181":{"start":{"line":468,"column":25},"end":{"line":468,"column":72}},"182":{"start":{"line":470,"column":6},"end":{"line":479,"column":8}},"183":{"start":{"line":483,"column":4},"end":{"line":483,"column":46}},"184":{"start":{"line":483,"column":27},"end":{"line":483,"column":44}},"185":{"start":{"line":486,"column":21},"end":{"line":486,"column":59}},"186":{"start":{"line":486,"column":50},"end":{"line":486,"column":57}},"187":{"start":{"line":487,"column":20},"end":{"line":489,"column":28}},"188":{"start":{"line":488,"column":19},"end":{"line":488,"column":39}},"189":{"start":{"line":489,"column":16},"end":{"line":489,"column":27}},"190":{"start":{"line":491,"column":21},"end":{"line":501,"column":5}},"191":{"start":{"line":503,"column":4},"end":{"line":503,"column":46}},"192":{"start":{"line":504,"column":4},"end":{"line":504,"column":23}},"193":{"start":{"line":506,"column":4},"end":{"line":506,"column":47}},"194":{"start":{"line":507,"column":4},"end":{"line":510,"column":7}},"195":{"start":{"line":515,"column":0},"end":{"line":630,"column":3}},"196":{"start":{"line":516,"column":2},"end":{"line":629,"column":3}},"197":{"start":{"line":517,"column":23},"end":{"line":517,"column":36}},"198":{"start":{"line":518,"column":67},"end":{"line":518,"column":75}},"199":{"start":{"line":520,"column":4},"end":{"line":526,"column":7}},"200":{"start":{"line":529,"column":4},"end":{"line":531,"column":5}},"201":{"start":{"line":530,"column":6},"end":{"line":530,"column":77}},"202":{"start":{"line":534,"column":21},"end":{"line":534,"column":56}},"203":{"start":{"line":535,"column":4},"end":{"line":537,"column":5}},"204":{"start":{"line":536,"column":6},"end":{"line":536,"column":69}},"205":{"start":{"line":540,"column":16},"end":{"line":540,"column":26}},"206":{"start":{"line":541,"column":4},"end":{"line":546,"column":5}},"207":{"start":{"line":542,"column":6},"end":{"line":545,"column":9}},"208":{"start":{"line":548,"column":4},"end":{"line":554,"column":5}},"209":{"start":{"line":549,"column":6},"end":{"line":553,"column":9}},"210":{"start":{"line":557,"column":18},"end":{"line":557,"column":37}},"211":{"start":{"line":558,"column":16},"end":{"line":558,"column":33}},"212":{"start":{"line":560,"column":4},"end":{"line":562,"column":5}},"213":{"start":{"line":561,"column":6},"end":{"line":561,"column":70}},"214":{"start":{"line":564,"column":4},"end":{"line":566,"column":5}},"215":{"start":{"line":565,"column":6},"end":{"line":565,"column":84}},"216":{"start":{"line":569,"column":4},"end":{"line":583,"column":5}},"217":{"start":{"line":570,"column":6},"end":{"line":572,"column":7}},"218":{"start":{"line":571,"column":8},"end":{"line":571,"column":89}},"219":{"start":{"line":575,"column":6},"end":{"line":582,"column":7}},"220":{"start":{"line":576,"column":8},"end":{"line":581,"column":9}},"221":{"start":{"line":577,"column":10},"end":{"line":580,"column":13}},"222":{"start":{"line":586,"column":23},"end":{"line":591,"column":5}},"223":{"start":{"line":593,"column":4},"end":{"line":600,"column":5}},"224":{"start":{"line":594,"column":6},"end":{"line":599,"column":10}},"225":{"start":{"line":594,"column":59},"end":{"line":599,"column":7}},"226":{"start":{"line":602,"column":28},"end":{"line":606,"column":5}},"227":{"start":{"line":608,"column":4},"end":{"line":612,"column":7}},"228":{"start":{"line":614,"column":4},"end":{"line":614,"column":30}},"229":{"start":{"line":616,"column":4},"end":{"line":616,"column":51}},"230":{"start":{"line":618,"column":4},"end":{"line":623,"column":5}},"231":{"start":{"line":619,"column":6},"end":{"line":622,"column":9}},"232":{"start":{"line":621,"column":55},"end":{"line":621,"column":66}},"233":{"start":{"line":625,"column":4},"end":{"line":628,"column":7}},"234":{"start":{"line":632,"column":0},"end":{"line":632,"column":24}}},"fnMap":{"0":{"name":"(anonymous_0)","decl":{"start":{"line":10,"column":16},"end":{"line":10,"column":17}},"loc":{"start":{"line":10,"column":36},"end":{"line":40,"column":1}},"line":10},"1":{"name":"(anonymous_1)","decl":{"start":{"line":17,"column":43},"end":{"line":17,"column":44}},"loc":{"start":{"line":17,"column":55},"end":{"line":33,"column":5}},"line":17},"2":{"name":"(anonymous_2)","decl":{"start":{"line":43,"column":19},"end":{"line":43,"column":20}},"loc":{"start":{"line":43,"column":39},"end":{"line":92,"column":1}},"line":43},"3":{"name":"(anonymous_3)","decl":{"start":{"line":95,"column":45},"end":{"line":95,"column":46}},"loc":{"start":{"line":95,"column":65},"end":{"line":190,"column":1}},"line":95},"4":{"name":"(anonymous_4)","decl":{"start":{"line":158,"column":33},"end":{"line":158,"column":34}},"loc":{"start":{"line":158,"column":47},"end":{"line":162,"column":7}},"line":158},"5":{"name":"(anonymous_5)","decl":{"start":{"line":181,"column":48},"end":{"line":181,"column":49}},"loc":{"start":{"line":181,"column":55},"end":{"line":181,"column":66}},"line":181},"6":{"name":"(anonymous_6)","decl":{"start":{"line":193,"column":44},"end":{"line":193,"column":45}},"loc":{"start":{"line":193,"column":64},"end":{"line":282,"column":1}},"line":193},"7":{"name":"(anonymous_7)","decl":{"start":{"line":230,"column":6},"end":{"line":230,"column":7}},"loc":{"start":{"line":230,"column":19},"end":{"line":230,"column":59}},"line":230},"8":{"name":"(anonymous_8)","decl":{"start":{"line":236,"column":53},"end":{"line":236,"column":54}},"loc":{"start":{"line":236,"column":59},"end":{"line":239,"column":9}},"line":236},"9":{"name":"(anonymous_9)","decl":{"start":{"line":285,"column":50},"end":{"line":285,"column":51}},"loc":{"start":{"line":285,"column":70},"end":{"line":336,"column":1}},"line":285},"10":{"name":"(anonymous_10)","decl":{"start":{"line":315,"column":8},"end":{"line":315,"column":9}},"loc":{"start":{"line":315,"column":13},"end":{"line":315,"column":59}},"line":315},"11":{"name":"(anonymous_11)","decl":{"start":{"line":339,"column":50},"end":{"line":339,"column":51}},"loc":{"start":{"line":339,"column":70},"end":{"line":424,"column":1}},"line":339},"12":{"name":"(anonymous_12)","decl":{"start":{"line":427,"column":27},"end":{"line":427,"column":28}},"loc":{"start":{"line":427,"column":47},"end":{"line":512,"column":1}},"line":427},"13":{"name":"(anonymous_13)","decl":{"start":{"line":460,"column":18},"end":{"line":460,"column":19}},"loc":{"start":{"line":460,"column":26},"end":{"line":463,"column":5}},"line":460},"14":{"name":"(anonymous_14)","decl":{"start":{"line":466,"column":44},"end":{"line":466,"column":45}},"loc":{"start":{"line":466,"column":57},"end":{"line":480,"column":5}},"line":466},"15":{"name":"(anonymous_15)","decl":{"start":{"line":483,"column":17},"end":{"line":483,"column":18}},"loc":{"start":{"line":483,"column":27},"end":{"line":483,"column":44}},"line":483},"16":{"name":"(anonymous_16)","decl":{"start":{"line":486,"column":45},"end":{"line":486,"column":46}},"loc":{"start":{"line":486,"column":50},"end":{"line":486,"column":57}},"line":486},"17":{"name":"(anonymous_17)","decl":{"start":{"line":488,"column":14},"end":{"line":488,"column":15}},"loc":{"start":{"line":488,"column":19},"end":{"line":488,"column":39}},"line":488},"18":{"name":"(anonymous_18)","decl":{"start":{"line":489,"column":11},"end":{"line":489,"column":12}},"loc":{"start":{"line":489,"column":16},"end":{"line":489,"column":27}},"line":489},"19":{"name":"(anonymous_19)","decl":{"start":{"line":515,"column":47},"end":{"line":515,"column":48}},"loc":{"start":{"line":515,"column":67},"end":{"line":630,"column":1}},"line":515},"20":{"name":"(anonymous_20)","decl":{"start":{"line":594,"column":45},"end":{"line":594,"column":46}},"loc":{"start":{"line":594,"column":59},"end":{"line":599,"column":7}},"line":594},"21":{"name":"(anonymous_21)","decl":{"start":{"line":621,"column":48},"end":{"line":621,"column":49}},"loc":{"start":{"line":621,"column":55},"end":{"line":621,"column":66}},"line":621}},"branchMap":{"0":{"loc":{"start":{"line":21,"column":6},"end":{"line":27,"column":7}},"type":"if","locations":[{"start":{"line":21,"column":6},"end":{"line":27,"column":7}},{"start":{"line":23,"column":13},"end":{"line":27,"column":7}}],"line":21},"1":{"loc":{"start":{"line":23,"column":13},"end":{"line":27,"column":7}},"type":"if","locations":[{"start":{"line":23,"column":13},"end":{"line":27,"column":7}},{"start":{"line":25,"column":13},"end":{"line":27,"column":7}}],"line":23},"2":{"loc":{"start":{"line":49,"column":4},"end":{"line":52,"column":5}},"type":"if","locations":[{"start":{"line":49,"column":4},"end":{"line":52,"column":5}},{"start":{},"end":{}}],"line":49},"3":{"loc":{"start":{"line":55,"column":35},"end":{"line":55,"column":58}},"type":"cond-expr","locations":[{"start":{"line":55,"column":46},"end":{"line":55,"column":51}},{"start":{"line":55,"column":54},"end":{"line":55,"column":58}}],"line":55},"4":{"loc":{"start":{"line":57,"column":4},"end":{"line":59,"column":5}},"type":"if","locations":[{"start":{"line":57,"column":4},"end":{"line":59,"column":5}},{"start":{},"end":{}}],"line":57},"5":{"loc":{"start":{"line":65,"column":4},"end":{"line":71,"column":5}},"type":"if","locations":[{"start":{"line":65,"column":4},"end":{"line":71,"column":5}},{"start":{"line":67,"column":11},"end":{"line":71,"column":5}}],"line":65},"6":{"loc":{"start":{"line":67,"column":11},"end":{"line":71,"column":5}},"type":"if","locations":[{"start":{"line":67,"column":11},"end":{"line":71,"column":5}},{"start":{"line":69,"column":11},"end":{"line":71,"column":5}}],"line":67},"7":{"loc":{"start":{"line":83,"column":4},"end":{"line":85,"column":5}},"type":"if","locations":[{"start":{"line":83,"column":4},"end":{"line":85,"column":5}},{"start":{},"end":{}}],"line":83},"8":{"loc":{"start":{"line":89,"column":13},"end":{"line":89,"column":79}},"type":"cond-expr","locations":[{"start":{"line":89,"column":54},"end":{"line":89,"column":67}},{"start":{"line":89,"column":70},"end":{"line":89,"column":79}}],"line":89},"9":{"loc":{"start":{"line":108,"column":4},"end":{"line":113,"column":5}},"type":"if","locations":[{"start":{"line":108,"column":4},"end":{"line":113,"column":5}},{"start":{},"end":{}}],"line":108},"10":{"loc":{"start":{"line":108,"column":8},"end":{"line":108,"column":71}},"type":"binary-expr","locations":[{"start":{"line":108,"column":8},"end":{"line":108,"column":14}},{"start":{"line":108,"column":18},"end":{"line":108,"column":30}},{"start":{"line":108,"column":34},"end":{"line":108,"column":44}},{"start":{"line":108,"column":48},"end":{"line":108,"column":56}},{"start":{"line":108,"column":60},"end":{"line":108,"column":71}}],"line":108},"11":{"loc":{"start":{"line":116,"column":4},"end":{"line":118,"column":5}},"type":"if","locations":[{"start":{"line":116,"column":4},"end":{"line":118,"column":5}},{"start":{},"end":{}}],"line":116},"12":{"loc":{"start":{"line":116,"column":8},"end":{"line":116,"column":59}},"type":"binary-expr","locations":[{"start":{"line":116,"column":8},"end":{"line":116,"column":34}},{"start":{"line":116,"column":38},"end":{"line":116,"column":59}}],"line":116},"13":{"loc":{"start":{"line":122,"column":6},"end":{"line":127,"column":7}},"type":"if","locations":[{"start":{"line":122,"column":6},"end":{"line":127,"column":7}},{"start":{},"end":{}}],"line":122},"14":{"loc":{"start":{"line":122,"column":10},"end":{"line":122,"column":63}},"type":"binary-expr","locations":[{"start":{"line":122,"column":10},"end":{"line":122,"column":25}},{"start":{"line":122,"column":29},"end":{"line":122,"column":45}},{"start":{"line":122,"column":49},"end":{"line":122,"column":63}}],"line":122},"15":{"loc":{"start":{"line":135,"column":4},"end":{"line":137,"column":5}},"type":"if","locations":[{"start":{"line":135,"column":4},"end":{"line":137,"column":5}},{"start":{},"end":{}}],"line":135},"16":{"loc":{"start":{"line":135,"column":8},"end":{"line":135,"column":54}},"type":"binary-expr","locations":[{"start":{"line":135,"column":8},"end":{"line":135,"column":30}},{"start":{"line":135,"column":34},"end":{"line":135,"column":54}}],"line":135},"17":{"loc":{"start":{"line":139,"column":4},"end":{"line":141,"column":5}},"type":"if","locations":[{"start":{"line":139,"column":4},"end":{"line":141,"column":5}},{"start":{},"end":{}}],"line":139},"18":{"loc":{"start":{"line":145,"column":4},"end":{"line":149,"column":5}},"type":"if","locations":[{"start":{"line":145,"column":4},"end":{"line":149,"column":5}},{"start":{"line":147,"column":11},"end":{"line":149,"column":5}}],"line":145},"19":{"loc":{"start":{"line":147,"column":11},"end":{"line":149,"column":5}},"type":"if","locations":[{"start":{"line":147,"column":11},"end":{"line":149,"column":5}},{"start":{},"end":{}}],"line":147},"20":{"loc":{"start":{"line":178,"column":4},"end":{"line":183,"column":5}},"type":"if","locations":[{"start":{"line":178,"column":4},"end":{"line":183,"column":5}},{"start":{},"end":{}}],"line":178},"21":{"loc":{"start":{"line":187,"column":13},"end":{"line":187,"column":79}},"type":"cond-expr","locations":[{"start":{"line":187,"column":54},"end":{"line":187,"column":67}},{"start":{"line":187,"column":70},"end":{"line":187,"column":79}}],"line":187},"22":{"loc":{"start":{"line":205,"column":4},"end":{"line":208,"column":5}},"type":"if","locations":[{"start":{"line":205,"column":4},"end":{"line":208,"column":5}},{"start":{},"end":{}}],"line":205},"23":{"loc":{"start":{"line":209,"column":4},"end":{"line":212,"column":5}},"type":"if","locations":[{"start":{"line":209,"column":4},"end":{"line":212,"column":5}},{"start":{},"end":{}}],"line":209},"24":{"loc":{"start":{"line":216,"column":35},"end":{"line":216,"column":58}},"type":"cond-expr","locations":[{"start":{"line":216,"column":46},"end":{"line":216,"column":51}},{"start":{"line":216,"column":54},"end":{"line":216,"column":58}}],"line":216},"25":{"loc":{"start":{"line":218,"column":4},"end":{"line":220,"column":5}},"type":"if","locations":[{"start":{"line":218,"column":4},"end":{"line":220,"column":5}},{"start":{},"end":{}}],"line":218},"26":{"loc":{"start":{"line":224,"column":4},"end":{"line":226,"column":5}},"type":"if","locations":[{"start":{"line":224,"column":4},"end":{"line":226,"column":5}},{"start":{},"end":{}}],"line":224},"27":{"loc":{"start":{"line":224,"column":8},"end":{"line":224,"column":58}},"type":"binary-expr","locations":[{"start":{"line":224,"column":8},"end":{"line":224,"column":32}},{"start":{"line":224,"column":36},"end":{"line":224,"column":58}}],"line":224},"28":{"loc":{"start":{"line":233,"column":4},"end":{"line":242,"column":5}},"type":"if","locations":[{"start":{"line":233,"column":4},"end":{"line":242,"column":5}},{"start":{},"end":{}}],"line":233},"29":{"loc":{"start":{"line":250,"column":4},"end":{"line":252,"column":5}},"type":"if","locations":[{"start":{"line":250,"column":4},"end":{"line":252,"column":5}},{"start":{},"end":{}}],"line":250},"30":{"loc":{"start":{"line":273,"column":4},"end":{"line":275,"column":5}},"type":"if","locations":[{"start":{"line":273,"column":4},"end":{"line":275,"column":5}},{"start":{},"end":{}}],"line":273},"31":{"loc":{"start":{"line":279,"column":13},"end":{"line":279,"column":79}},"type":"cond-expr","locations":[{"start":{"line":279,"column":54},"end":{"line":279,"column":67}},{"start":{"line":279,"column":70},"end":{"line":279,"column":79}}],"line":279},"32":{"loc":{"start":{"line":291,"column":4},"end":{"line":293,"column":5}},"type":"if","locations":[{"start":{"line":291,"column":4},"end":{"line":293,"column":5}},{"start":{},"end":{}}],"line":291},"33":{"loc":{"start":{"line":297,"column":4},"end":{"line":299,"column":5}},"type":"if","locations":[{"start":{"line":297,"column":4},"end":{"line":299,"column":5}},{"start":{},"end":{}}],"line":297},"34":{"loc":{"start":{"line":313,"column":4},"end":{"line":326,"column":5}},"type":"if","locations":[{"start":{"line":313,"column":4},"end":{"line":326,"column":5}},{"start":{},"end":{}}],"line":313},"35":{"loc":{"start":{"line":318,"column":6},"end":{"line":325,"column":7}},"type":"if","locations":[{"start":{"line":318,"column":6},"end":{"line":325,"column":7}},{"start":{},"end":{}}],"line":318},"36":{"loc":{"start":{"line":333,"column":13},"end":{"line":333,"column":79}},"type":"cond-expr","locations":[{"start":{"line":333,"column":54},"end":{"line":333,"column":67}},{"start":{"line":333,"column":70},"end":{"line":333,"column":79}}],"line":333},"37":{"loc":{"start":{"line":345,"column":4},"end":{"line":351,"column":5}},"type":"if","locations":[{"start":{"line":345,"column":4},"end":{"line":351,"column":5}},{"start":{},"end":{}}],"line":345},"38":{"loc":{"start":{"line":355,"column":35},"end":{"line":355,"column":58}},"type":"cond-expr","locations":[{"start":{"line":355,"column":46},"end":{"line":355,"column":51}},{"start":{"line":355,"column":54},"end":{"line":355,"column":58}}],"line":355},"39":{"loc":{"start":{"line":357,"column":4},"end":{"line":363,"column":5}},"type":"if","locations":[{"start":{"line":357,"column":4},"end":{"line":363,"column":5}},{"start":{},"end":{}}],"line":357},"40":{"loc":{"start":{"line":367,"column":4},"end":{"line":379,"column":5}},"type":"if","locations":[{"start":{"line":367,"column":4},"end":{"line":379,"column":5}},{"start":{},"end":{}}],"line":367},"41":{"loc":{"start":{"line":367,"column":8},"end":{"line":367,"column":60}},"type":"binary-expr","locations":[{"start":{"line":367,"column":8},"end":{"line":367,"column":33}},{"start":{"line":367,"column":37},"end":{"line":367,"column":60}}],"line":367},"42":{"loc":{"start":{"line":381,"column":4},"end":{"line":391,"column":5}},"type":"if","locations":[{"start":{"line":381,"column":4},"end":{"line":391,"column":5}},{"start":{},"end":{}}],"line":381},"43":{"loc":{"start":{"line":421,"column":13},"end":{"line":421,"column":79}},"type":"cond-expr","locations":[{"start":{"line":421,"column":54},"end":{"line":421,"column":67}},{"start":{"line":421,"column":70},"end":{"line":421,"column":79}}],"line":421},"44":{"loc":{"start":{"line":433,"column":4},"end":{"line":435,"column":5}},"type":"if","locations":[{"start":{"line":433,"column":4},"end":{"line":435,"column":5}},{"start":{},"end":{}}],"line":433},"45":{"loc":{"start":{"line":439,"column":4},"end":{"line":441,"column":5}},"type":"if","locations":[{"start":{"line":439,"column":4},"end":{"line":441,"column":5}},{"start":{},"end":{}}],"line":439},"46":{"loc":{"start":{"line":447,"column":4},"end":{"line":452,"column":5}},"type":"if","locations":[{"start":{"line":447,"column":4},"end":{"line":452,"column":5}},{"start":{},"end":{}}],"line":447},"47":{"loc":{"start":{"line":461,"column":20},"end":{"line":461,"column":63}},"type":"binary-expr","locations":[{"start":{"line":461,"column":20},"end":{"line":461,"column":58}},{"start":{"line":461,"column":62},"end":{"line":461,"column":63}}],"line":461},"48":{"loc":{"start":{"line":467,"column":20},"end":{"line":467,"column":62}},"type":"binary-expr","locations":[{"start":{"line":467,"column":20},"end":{"line":467,"column":57}},{"start":{"line":467,"column":61},"end":{"line":467,"column":62}}],"line":467},"49":{"loc":{"start":{"line":468,"column":25},"end":{"line":468,"column":72}},"type":"cond-expr","locations":[{"start":{"line":468,"column":42},"end":{"line":468,"column":68}},{"start":{"line":468,"column":71},"end":{"line":468,"column":72}}],"line":468},"50":{"loc":{"start":{"line":509,"column":13},"end":{"line":509,"column":79}},"type":"cond-expr","locations":[{"start":{"line":509,"column":54},"end":{"line":509,"column":67}},{"start":{"line":509,"column":70},"end":{"line":509,"column":79}}],"line":509},"51":{"loc":{"start":{"line":529,"column":4},"end":{"line":531,"column":5}},"type":"if","locations":[{"start":{"line":529,"column":4},"end":{"line":531,"column":5}},{"start":{},"end":{}}],"line":529},"52":{"loc":{"start":{"line":535,"column":4},"end":{"line":537,"column":5}},"type":"if","locations":[{"start":{"line":535,"column":4},"end":{"line":537,"column":5}},{"start":{},"end":{}}],"line":535},"53":{"loc":{"start":{"line":541,"column":4},"end":{"line":546,"column":5}},"type":"if","locations":[{"start":{"line":541,"column":4},"end":{"line":546,"column":5}},{"start":{},"end":{}}],"line":541},"54":{"loc":{"start":{"line":548,"column":4},"end":{"line":554,"column":5}},"type":"if","locations":[{"start":{"line":548,"column":4},"end":{"line":554,"column":5}},{"start":{},"end":{}}],"line":548},"55":{"loc":{"start":{"line":548,"column":8},"end":{"line":548,"column":60}},"type":"binary-expr","locations":[{"start":{"line":548,"column":8},"end":{"line":548,"column":33}},{"start":{"line":548,"column":37},"end":{"line":548,"column":60}}],"line":548},"56":{"loc":{"start":{"line":560,"column":4},"end":{"line":562,"column":5}},"type":"if","locations":[{"start":{"line":560,"column":4},"end":{"line":562,"column":5}},{"start":{},"end":{}}],"line":560},"57":{"loc":{"start":{"line":560,"column":8},"end":{"line":560,"column":54}},"type":"binary-expr","locations":[{"start":{"line":560,"column":8},"end":{"line":560,"column":30}},{"start":{"line":560,"column":34},"end":{"line":560,"column":54}}],"line":560},"58":{"loc":{"start":{"line":564,"column":4},"end":{"line":566,"column":5}},"type":"if","locations":[{"start":{"line":564,"column":4},"end":{"line":566,"column":5}},{"start":{},"end":{}}],"line":564},"59":{"loc":{"start":{"line":569,"column":4},"end":{"line":583,"column":5}},"type":"if","locations":[{"start":{"line":569,"column":4},"end":{"line":583,"column":5}},{"start":{},"end":{}}],"line":569},"60":{"loc":{"start":{"line":570,"column":6},"end":{"line":572,"column":7}},"type":"if","locations":[{"start":{"line":570,"column":6},"end":{"line":572,"column":7}},{"start":{},"end":{}}],"line":570},"61":{"loc":{"start":{"line":570,"column":10},"end":{"line":570,"column":61}},"type":"binary-expr","locations":[{"start":{"line":570,"column":10},"end":{"line":570,"column":36}},{"start":{"line":570,"column":40},"end":{"line":570,"column":61}}],"line":570},"62":{"loc":{"start":{"line":576,"column":8},"end":{"line":581,"column":9}},"type":"if","locations":[{"start":{"line":576,"column":8},"end":{"line":581,"column":9}},{"start":{},"end":{}}],"line":576},"63":{"loc":{"start":{"line":576,"column":12},"end":{"line":576,"column":65}},"type":"binary-expr","locations":[{"start":{"line":576,"column":12},"end":{"line":576,"column":27}},{"start":{"line":576,"column":31},"end":{"line":576,"column":47}},{"start":{"line":576,"column":51},"end":{"line":576,"column":65}}],"line":576},"64":{"loc":{"start":{"line":593,"column":4},"end":{"line":600,"column":5}},"type":"if","locations":[{"start":{"line":593,"column":4},"end":{"line":600,"column":5}},{"start":{},"end":{}}],"line":593},"65":{"loc":{"start":{"line":598,"column":13},"end":{"line":598,"column":59}},"type":"binary-expr","locations":[{"start":{"line":598,"column":13},"end":{"line":598,"column":26}},{"start":{"line":598,"column":30},"end":{"line":598,"column":59}}],"line":598},"66":{"loc":{"start":{"line":618,"column":4},"end":{"line":623,"column":5}},"type":"if","locations":[{"start":{"line":618,"column":4},"end":{"line":623,"column":5}},{"start":{},"end":{}}],"line":618},"67":{"loc":{"start":{"line":627,"column":13},"end":{"line":627,"column":79}},"type":"cond-expr","locations":[{"start":{"line":627,"column":54},"end":{"line":627,"column":67}},{"start":{"line":627,"column":70},"end":{"line":627,"column":79}}],"line":627}},"s":{"0":1,"1":1,"2":1,"3":1,"4":1,"5":1,"6":1,"7":1,"8":0,"9":0,"10":0,"11":0,"12":0,"13":0,"14":0,"15":0,"16":0,"17":0,"18":0,"19":0,"20":0,"21":0,"22":1,"23":0,"24":0,"25":0,"26":0,"27":0,"28":0,"29":0,"30":0,"31":0,"32":0,"33":0,"34":0,"35":0,"36":0,"37":0,"38":0,"39":0,"40":0,"41":0,"42":0,"43":0,"44":0,"45":0,"46":0,"47":1,"48":0,"49":0,"50":0,"51":0,"52":0,"53":0,"54":0,"55":0,"56":0,"57":0,"58":0,"59":0,"60":0,"61":0,"62":0,"63":0,"64":0,"65":0,"66":0,"67":0,"68":0,"69":0,"70":0,"71":0,"72":0,"73":0,"74":0,"75":0,"76":0,"77":0,"78":0,"79":0,"80":1,"81":0,"82":0,"83":0,"84":0,"85":0,"86":0,"87":0,"88":0,"89":0,"90":0,"91":0,"92":0,"93":0,"94":0,"95":0,"96":0,"97":0,"98":0,"99":0,"100":0,"101":0,"102":0,"103":0,"104":0,"105":0,"106":0,"107":0,"108":0,"109":0,"110":0,"111":0,"112":0,"113":0,"114":0,"115":1,"116":0,"117":0,"118":0,"119":0,"120":0,"121":0,"122":0,"123":0,"124":0,"125":0,"126":0,"127":0,"128":0,"129":0,"130":0,"131":0,"132":0,"133":0,"134":1,"135":0,"136":0,"137":0,"138":0,"139":0,"140":0,"141":0,"142":0,"143":0,"144":0,"145":0,"146":0,"147":0,"148":0,"149":0,"150":0,"151":0,"152":0,"153":0,"154":0,"155":0,"156":0,"157":0,"158":0,"159":0,"160":1,"161":0,"162":0,"163":0,"164":0,"165":0,"166":0,"167":0,"168":0,"169":0,"170":0,"171":0,"172":0,"173":0,"174":0,"175":0,"176":0,"177":0,"178":0,"179":0,"180":0,"181":0,"182":0,"183":0,"184":0,"185":0,"186":0,"187":0,"188":0,"189":0,"190":0,"191":0,"192":0,"193":0,"194":0,"195":1,"196":0,"197":0,"198":0,"199":0,"200":0,"201":0,"202":0,"203":0,"204":0,"205":0,"206":0,"207":0,"208":0,"209":0,"210":0,"211":0,"212":0,"213":0,"214":0,"215":0,"216":0,"217":0,"218":0,"219":0,"220":0,"221":0,"222":0,"223":0,"224":0,"225":0,"226":0,"227":0,"228":0,"229":0,"230":0,"231":0,"232":0,"233":0,"234":1},"f":{"0":0,"1":0,"2":0,"3":0,"4":0,"5":0,"6":0,"7":0,"8":0,"9":0,"10":0,"11":0,"12":0,"13":0,"14":0,"15":0,"16":0,"17":0,"18":0,"19":0,"20":0,"21":0},"b":{"0":[0,0],"1":[0,0],"2":[0,0],"3":[0,0],"4":[0,0],"5":[0,0],"6":[0,0],"7":[0,0],"8":[0,0],"9":[0,0],"10":[0,0,0,0,0],"11":[0,0],"12":[0,0],"13":[0,0],"14":[0,0,0],"15":[0,0],"16":[0,0],"17":[0,0],"18":[0,0],"19":[0,0],"20":[0,0],"21":[0,0],"22":[0,0],"23":[0,0],"24":[0,0],"25":[0,0],"26":[0,0],"27":[0,0],"28":[0,0],"29":[0,0],"30":[0,0],"31":[0,0],"32":[0,0],"33":[0,0],"34":[0,0],"35":[0,0],"36":[0,0],"37":[0,0],"38":[0,0],"39":[0,0],"40":[0,0],"41":[0,0],"42":[0,0],"43":[0,0],"44":[0,0],"45":[0,0],"46":[0,0],"47":[0,0],"48":[0,0],"49":[0,0],"50":[0,0],"51":[0,0],"52":[0,0],"53":[0,0],"54":[0,0],"55":[0,0],"56":[0,0],"57":[0,0],"58":[0,0],"59":[0,0],"60":[0,0],"61":[0,0],"62":[0,0],"63":[0,0,0],"64":[0,0],"65":[0,0],"66":[0,0],"67":[0,0]},"_coverageSchema":"1a1c01bbd47fc00a2c39e90264f33305004495a9","hash":"d6c65a254fd7379648043f4bdd3cac0d552562b9"}
}
